\BOOKMARK [0][-]{chapter.1}{Inleiding}{}% 1
\BOOKMARK [1][-]{section.1.1}{Probleemstelling}{chapter.1}% 2
\BOOKMARK [1][-]{section.1.2}{Onderzoeksvraag}{chapter.1}% 3
\BOOKMARK [1][-]{section.1.3}{Hypotheses}{chapter.1}% 4
\BOOKMARK [1][-]{section.1.4}{Ori\353ntatie}{chapter.1}% 5
\BOOKMARK [0][-]{chapter.2}{Literatuurstudie}{}% 6
\BOOKMARK [1][-]{section.2.1}{Dienstregeling openbaar vervoer}{chapter.2}% 7
\BOOKMARK [2][-]{subsection.2.1.1}{GTFS}{section.2.1}% 8
\BOOKMARK [2][-]{subsection.2.1.2}{GTFS-RT}{section.2.1}% 9
\BOOKMARK [1][-]{section.2.2}{Semantisch web}{chapter.2}% 10
\BOOKMARK [2][-]{subsection.2.2.1}{RDF}{section.2.2}% 11
\BOOKMARK [2][-]{subsection.2.2.2}{Bronidentificatie}{section.2.2}% 12
\BOOKMARK [2][-]{subsection.2.2.3}{Vocabularium}{section.2.2}% 13
\BOOKMARK [2][-]{subsection.2.2.4}{JSON-LD}{section.2.2}% 14
\BOOKMARK [2][-]{subsection.2.2.5}{Benoemde grafen}{section.2.2}% 15
\BOOKMARK [2][-]{subsection.2.2.6}{SPARQL}{section.2.2}% 16
\BOOKMARK [2][-]{subsection.2.2.7}{Linked Data Fragments}{section.2.2}% 17
\BOOKMARK [2][-]{subsection.2.2.8}{Triple Pattern Fragments}{section.2.2}% 18
\BOOKMARK [2][-]{subsection.2.2.9}{Analogie met routeplanning}{section.2.2}% 19
\BOOKMARK [1][-]{section.2.3}{REST}{chapter.2}% 20
\BOOKMARK [2][-]{subsection.2.3.1}{Beperkingen}{section.2.3}% 21
\BOOKMARK [1][-]{section.2.4}{Routeplanning algoritmen}{chapter.2}% 22
\BOOKMARK [2][-]{subsection.2.4.1}{Dijkstra}{section.2.4}% 23
\BOOKMARK [2][-]{subsection.2.4.2}{Connection Scan Algorithm}{section.2.4}% 24
\BOOKMARK [0][-]{chapter.3}{Linked Connections}{}% 25
\BOOKMARK [1][-]{section.3.1}{Principe}{chapter.3}% 26
\BOOKMARK [2][-]{subsection.3.1.1}{Technologie\353n}{section.3.1}% 27
\BOOKMARK [2][-]{subsection.3.1.2}{Basic Linked Connections Fragments}{section.3.1}% 28
\BOOKMARK [1][-]{section.3.2}{Convertor naar connecties}{chapter.3}% 29
\BOOKMARK [2][-]{subsection.3.2.1}{Connectiescript}{section.3.2}% 30
\BOOKMARK [2][-]{subsection.3.2.2}{JSON-LD stream}{section.3.2}% 31
\BOOKMARK [1][-]{section.3.3}{Cli\353nt}{chapter.3}% 32
\BOOKMARK [2][-]{subsection.3.3.1}{Merger}{section.3.3}% 33
\BOOKMARK [1][-]{section.3.4}{Conclusie}{chapter.3}% 34
\BOOKMARK [0][-]{chapter.4}{Optimalisatie}{}% 35
\BOOKMARK [1][-]{section.4.1}{Geofiltering}{chapter.4}% 36
\BOOKMARK [2][-]{subsection.4.1.1}{Geoparameter}{section.4.1}% 37
\BOOKMARK [2][-]{subsection.4.1.2}{Criteria}{section.4.1}% 38
\BOOKMARK [2][-]{subsection.4.1.3}{Direct bereikbare stops}{section.4.1}% 39
\BOOKMARK [2][-]{subsection.4.1.4}{Buren}{section.4.1}% 40
\BOOKMARK [1][-]{section.4.2}{Neighbour Linked Connections Fragment}{chapter.4}% 41
\BOOKMARK [1][-]{section.4.3}{Heuristische techniek}{chapter.4}% 42
\BOOKMARK [2][-]{subsection.4.3.1}{Parameters}{section.4.3}% 43
\BOOKMARK [2][-]{subsection.4.3.2}{Formule}{section.4.3}% 44
\BOOKMARK [2][-]{subsection.4.3.3}{Voordeel}{section.4.3}% 45
\BOOKMARK [2][-]{subsection.4.3.4}{Nadelen}{section.4.3}% 46
\BOOKMARK [1][-]{section.4.4}{Speed-up techniek}{chapter.4}% 47
\BOOKMARK [2][-]{subsection.4.4.1}{Hypermedia}{section.4.4}% 48
\BOOKMARK [0][-]{chapter.5}{Resultaten}{}% 49
\BOOKMARK [1][-]{section.5.1}{Opstelling}{chapter.5}% 50
\BOOKMARK [2][-]{subsection.5.1.1}{Lokale server versus productieserver}{section.5.1}% 51
\BOOKMARK [2][-]{subsection.5.1.2}{Fragmentgrootte}{section.5.1}% 52
\BOOKMARK [1][-]{section.5.2}{Hypotheses}{chapter.5}% 53
\BOOKMARK [2][-]{subsection.5.2.1}{Snelheid}{section.5.2}% 54
\BOOKMARK [2][-]{subsection.5.2.2}{Effici\353ntie}{section.5.2}% 55
\BOOKMARK [2][-]{subsection.5.2.3}{Dataverbruik}{section.5.2}% 56
\BOOKMARK [2][-]{subsection.5.2.4}{Serverbelasting}{section.5.2}% 57
\BOOKMARK [1][-]{section.5.3}{Conclusie}{chapter.5}% 58
\BOOKMARK [0][-]{chapter.6}{Conclusies en perspectieven}{}% 59
\BOOKMARK [1][-]{section.6.1}{Conclusie}{chapter.6}% 60
\BOOKMARK [0][-]{chapter.7}{Future work}{}% 61
\BOOKMARK [1][-]{section.7.1}{Preprocessing}{chapter.7}% 62
\BOOKMARK [1][-]{section.7.2}{Multicriteria queries}{chapter.7}% 63
\BOOKMARK [1][-]{section.7.3}{Intermodaliteit}{chapter.7}% 64
\BOOKMARK [1][-]{section.7.4}{Grote netwerken}{chapter.7}% 65
\BOOKMARK [2][-]{subsection.7.4.1}{Realtime informatie}{section.7.4}% 66
\BOOKMARK [0][-]{section*.46}{Woordenlijst}{}% 67
